{"message":"::1 - - [10/Aug/2020:00:34:05 +0000] \"POST /search HTTP/1.1\" 200 936 \"-\" \"PostmanRuntime/7.26.2\"\n","level":"info"}
{"message":"::1 - - [10/Aug/2020:16:06:03 +0000] \"POST /search HTTP/1.1\" 200 936 \"-\" \"PostmanRuntime/7.26.2\"\n","level":"info"}
{"message":"Running server on port 8080","level":"info"}
{"message":"Fetching query results page on https://lista.mercadolivre.com.br/ghee","level":"info"}
{"message":"Fetching data from page: https://lista.mercadolivre.com.br/ghee","level":"info"}
{"message":"Parsing query results page","level":"info"}
{"message":"Crawling deep into products' pages","level":"info"}
{"message":"Fetching product page for https://produto.mercadolivre.com.br/MLB-876097868-balde-manteiga-ghee-3kg-madhu-bakery-_JM?searchVariation=26379940491#searchVariation=26379940491&position=1&type=item&tracking_id=f62fa5a5-ac0e-4221-b76d-f51d253f60c9","level":"info"}
{"message":"Fetching data from page: https://produto.mercadolivre.com.br/MLB-876097868-balde-manteiga-ghee-3kg-madhu-bakery-_JM?searchVariation=26379940491#searchVariation=26379940491&position=1&type=item&tracking_id=f62fa5a5-ac0e-4221-b76d-f51d253f60c9","level":"info"}
{"message":"Fetching product page for https://produto.mercadolivre.com.br/MLB-1385519158-manteiga-ghee-sem-sal-200g-lotus-_JM#position=2&type=item&tracking_id=f62fa5a5-ac0e-4221-b76d-f51d253f60c9","level":"info"}
{"message":"Fetching data from page: https://produto.mercadolivre.com.br/MLB-1385519158-manteiga-ghee-sem-sal-200g-lotus-_JM#position=2&type=item&tracking_id=f62fa5a5-ac0e-4221-b76d-f51d253f60c9","level":"info"}
{"message":"Fetching product page for https://produto.mercadolivre.com.br/MLB-1274565399-kit-lola-cosmetics-cronograma-capilar-bemdita-ghee-3-prod-_JM#position=3&type=item&tracking_id=f62fa5a5-ac0e-4221-b76d-f51d253f60c9","level":"info"}
{"message":"Fetching data from page: https://produto.mercadolivre.com.br/MLB-1274565399-kit-lola-cosmetics-cronograma-capilar-bemdita-ghee-3-prod-_JM#position=3&type=item&tracking_id=f62fa5a5-ac0e-4221-b76d-f51d253f60c9","level":"info"}
{"message":"Fetching store page for https://perfil.mercadolivre.com.br/COSMETICOSARYFA","level":"info"}
{"message":"Fetching data from page: https://perfil.mercadolivre.com.br/COSMETICOSARYFA","level":"info"}
{"message":"Fetching store page for https://perfil.mercadolivre.com.br/FILLOVITA_STORE","level":"info"}
{"message":"Fetching data from page: https://perfil.mercadolivre.com.br/FILLOVITA_STORE","level":"info"}
{"message":"Fetching store page for https://perfil.mercadolivre.com.br/NUTRIENUTRI","level":"info"}
{"message":"Fetching data from page: https://perfil.mercadolivre.com.br/NUTRIENUTRI","level":"info"}
{"message":"Successfully crawled store names and locations","level":"info"}
{"message":"Successfully crawled store names and locations","level":"info"}
{"message":"Successfully crawled store names and locations","level":"info"}
{"message":"::1 - - [10/Aug/2020:16:14:50 +0000] \"POST /search HTTP/1.1\" 200 936 \"-\" \"PostmanRuntime/7.26.2\"\n","level":"info"}
